<!DOCTYPE html>
<html>
<head>
<meta http-equiv="Content-Type" content="text/html; charset=utf-8"/>
<meta http-equiv="x-ua-compatible" content="IE=edge"/>
<title>Test results - Class org.springframework.batch.core.job.SimpleJobTests</title>
<link href="../css/base-style.css" rel="stylesheet" type="text/css"/>
<link href="../css/style.css" rel="stylesheet" type="text/css"/>
<script src="../js/report.js" type="text/javascript"></script>
</head>
<body>
<div id="content">
<h1>Class org.springframework.batch.core.job.SimpleJobTests</h1>
<div class="breadcrumbs">
<a href="../index.html">all</a> &gt; 
<a href="../packages/org.springframework.batch.core.job.html">org.springframework.batch.core.job</a> &gt; SimpleJobTests</div>
<div id="summary">
<table>
<tr>
<td>
<div class="summaryGroup">
<table>
<tr>
<td>
<div class="infoBox" id="tests">
<div class="counter">25</div>
<p>tests</p>
</div>
</td>
<td>
<div class="infoBox" id="failures">
<div class="counter">0</div>
<p>failures</p>
</div>
</td>
<td>
<div class="infoBox" id="ignored">
<div class="counter">0</div>
<p>ignored</p>
</div>
</td>
<td>
<div class="infoBox" id="duration">
<div class="counter">0.188s</div>
<p>duration</p>
</div>
</td>
</tr>
</table>
</div>
</td>
<td>
<div class="infoBox success" id="successRate">
<div class="percent">100%</div>
<p>successful</p>
</div>
</td>
</tr>
</table>
</div>
<div id="tabs">
<ul class="tabLinks">
<li>
<a href="#tab0">Tests</a>
</li>
<li>
<a href="#tab1">Standard output</a>
</li>
</ul>
<div id="tab0" class="tab">
<h2>Tests</h2>
<table>
<thead>
<tr>
<th>Test</th>
<th>Duration</th>
<th>Result</th>
</tr>
</thead>
<tr>
<td class="success">testAddStep</td>
<td>0.003s</td>
<td class="success">passed</td>
</tr>
<tr>
<td class="success">testExecutionContextIsSet</td>
<td>0.008s</td>
<td class="success">passed</td>
</tr>
<tr>
<td class="success">testExitStatusReturned</td>
<td>0.005s</td>
<td class="success">passed</td>
</tr>
<tr>
<td class="success">testFailed</td>
<td>0.004s</td>
<td class="success">passed</td>
</tr>
<tr>
<td class="success">testFailedWithError</td>
<td>0.004s</td>
<td class="success">passed</td>
</tr>
<tr>
<td class="success">testFailedWithListener</td>
<td>0.005s</td>
<td class="success">passed</td>
</tr>
<tr>
<td class="success">testGetStepExists</td>
<td>0.001s</td>
<td class="success">passed</td>
</tr>
<tr>
<td class="success">testGetStepNotExists</td>
<td>0.001s</td>
<td class="success">passed</td>
</tr>
<tr>
<td class="success">testGetSteps</td>
<td>0s</td>
<td class="success">passed</td>
</tr>
<tr>
<td class="success">testInterruptJob</td>
<td>0.007s</td>
<td class="success">passed</td>
</tr>
<tr>
<td class="success">testInterruptWithListener</td>
<td>0.023s</td>
<td class="success">passed</td>
</tr>
<tr>
<td class="success">testInterrupted</td>
<td>0.006s</td>
<td class="success">passed</td>
</tr>
<tr>
<td class="success">testInterruptedAfterUnknownStatus</td>
<td>0.005s</td>
<td class="success">passed</td>
</tr>
<tr>
<td class="success">testNoSteps</td>
<td>0.002s</td>
<td class="success">passed</td>
</tr>
<tr>
<td class="success">testNotExecutedIfAlreadyStopped</td>
<td>0.001s</td>
<td class="success">passed</td>
</tr>
<tr>
<td class="success">testRestart</td>
<td>0.020s</td>
<td class="success">passed</td>
</tr>
<tr>
<td class="success">testRestartAndExecutionContextRestored</td>
<td>0.018s</td>
<td class="success">passed</td>
</tr>
<tr>
<td class="success">testRestartWithNullParameter</td>
<td>0.019s</td>
<td class="success">passed</td>
</tr>
<tr>
<td class="success">testRunNormally</td>
<td>0.010s</td>
<td class="success">passed</td>
</tr>
<tr>
<td class="success">testRunNormallyWithListener</td>
<td>0.008s</td>
<td class="success">passed</td>
</tr>
<tr>
<td class="success">testRunWithSimpleStepExecutor</td>
<td>0.009s</td>
<td class="success">passed</td>
</tr>
<tr>
<td class="success">testSetSteps</td>
<td>0.003s</td>
<td class="success">passed</td>
</tr>
<tr>
<td class="success">testStepAlreadyComplete</td>
<td>0.008s</td>
<td class="success">passed</td>
</tr>
<tr>
<td class="success">testStepAlreadyCompleteInSameExecution</td>
<td>0.014s</td>
<td class="success">passed</td>
</tr>
<tr>
<td class="success">testStepShouldNotStart</td>
<td>0.004s</td>
<td class="success">passed</td>
</tr>
</table>
</div>
<div id="tab1" class="tab">
<h2>Standard output</h2>
<span class="code">
<pre>10:02:12,055  INFO Test worker job.SimpleStepHandler:146 - Executing step: [TestStep1]
10:02:12,058  INFO Test worker job.SimpleStepHandler:146 - Executing step: [TestStep2]
10:02:12,061  INFO Test worker job.SimpleStepHandler:119 - Duplicate step [TestStep2] detected in execution of job=[testJob]. If either step fails, both will be executed again on restart.
10:02:12,063  INFO Test worker job.SimpleStepHandler:146 - Executing step: [TestStep2]
10:02:12,068  INFO Test worker job.SimpleStepHandler:146 - Executing step: [TestStep1]
10:02:12,069  INFO Test worker job.AbstractJob:326 - Encountered interruption executing job: Interrupt!
10:02:12,072 ERROR Test worker job.AbstractJob:335 - Encountered fatal error executing job
org.springframework.batch.core.StartLimitExceededException: Maximum start limit exceeded for step: TestStep1StartMax: 0
	at org.springframework.batch.core.job.SimpleStepHandler.shouldStart(SimpleStepHandler.java:228)
	at org.springframework.batch.core.job.SimpleStepHandler.handleStep(SimpleStepHandler.java:126)
	at org.springframework.batch.core.job.AbstractJob.handleStep(AbstractJob.java:392)
	at org.springframework.batch.core.job.SimpleJob.doExecute(SimpleJob.java:135)
	at org.springframework.batch.core.job.AbstractJob.execute(AbstractJob.java:306)
	at org.springframework.batch.core.job.SimpleJobTests.testStepShouldNotStart(SimpleJobTests.java:335)
	at sun.reflect.NativeMethodAccessorImpl.invoke0(Native Method)
	at sun.reflect.NativeMethodAccessorImpl.invoke(NativeMethodAccessorImpl.java:62)
	at sun.reflect.DelegatingMethodAccessorImpl.invoke(DelegatingMethodAccessorImpl.java:43)
	at java.lang.reflect.Method.invoke(Method.java:483)
	at org.junit.runners.model.FrameworkMethod$1.runReflectiveCall(FrameworkMethod.java:50)
	at org.junit.internal.runners.model.ReflectiveCallable.run(ReflectiveCallable.java:12)
	at org.junit.runners.model.FrameworkMethod.invokeExplosively(FrameworkMethod.java:47)
	at org.junit.internal.runners.statements.InvokeMethod.evaluate(InvokeMethod.java:17)
	at org.junit.internal.runners.statements.RunBefores.evaluate(RunBefores.java:26)
	at org.junit.runners.ParentRunner.runLeaf(ParentRunner.java:325)
	at org.junit.runners.BlockJUnit4ClassRunner.runChild(BlockJUnit4ClassRunner.java:78)
	at org.junit.runners.BlockJUnit4ClassRunner.runChild(BlockJUnit4ClassRunner.java:57)
	at org.junit.runners.ParentRunner$3.run(ParentRunner.java:290)
	at org.junit.runners.ParentRunner$1.schedule(ParentRunner.java:71)
	at org.junit.runners.ParentRunner.runChildren(ParentRunner.java:288)
	at org.junit.runners.ParentRunner.access$000(ParentRunner.java:58)
	at org.junit.runners.ParentRunner$2.evaluate(ParentRunner.java:268)
	at org.junit.runners.ParentRunner.run(ParentRunner.java:363)
	at org.gradle.api.internal.tasks.testing.junit.JUnitTestClassExecuter.runTestClass(JUnitTestClassExecuter.java:114)
	at org.gradle.api.internal.tasks.testing.junit.JUnitTestClassExecuter.execute(JUnitTestClassExecuter.java:57)
	at org.gradle.api.internal.tasks.testing.junit.JUnitTestClassProcessor.processTestClass(JUnitTestClassProcessor.java:66)
	at org.gradle.api.internal.tasks.testing.SuiteTestClassProcessor.processTestClass(SuiteTestClassProcessor.java:51)
	at sun.reflect.GeneratedMethodAccessor64.invoke(Unknown Source)
	at sun.reflect.DelegatingMethodAccessorImpl.invoke(DelegatingMethodAccessorImpl.java:43)
	at java.lang.reflect.Method.invoke(Method.java:483)
	at org.gradle.internal.dispatch.ReflectionDispatch.dispatch(ReflectionDispatch.java:35)
	at org.gradle.internal.dispatch.ReflectionDispatch.dispatch(ReflectionDispatch.java:24)
	at org.gradle.internal.dispatch.ContextClassLoaderDispatch.dispatch(ContextClassLoaderDispatch.java:32)
	at org.gradle.internal.dispatch.ProxyDispatchAdapter$DispatchingInvocationHandler.invoke(ProxyDispatchAdapter.java:93)
	at com.sun.proxy.$Proxy3.processTestClass(Unknown Source)
	at org.gradle.api.internal.tasks.testing.worker.TestWorker.processTestClass(TestWorker.java:109)
	at sun.reflect.GeneratedMethodAccessor63.invoke(Unknown Source)
	at sun.reflect.DelegatingMethodAccessorImpl.invoke(DelegatingMethodAccessorImpl.java:43)
	at java.lang.reflect.Method.invoke(Method.java:483)
	at org.gradle.internal.dispatch.ReflectionDispatch.dispatch(ReflectionDispatch.java:35)
	at org.gradle.internal.dispatch.ReflectionDispatch.dispatch(ReflectionDispatch.java:24)
	at org.gradle.internal.remote.internal.hub.MessageHubBackedObjectConnection$DispatchWrapper.dispatch(MessageHubBackedObjectConnection.java:147)
	at org.gradle.internal.remote.internal.hub.MessageHubBackedObjectConnection$DispatchWrapper.dispatch(MessageHubBackedObjectConnection.java:129)
	at org.gradle.internal.remote.internal.hub.MessageHub$Handler.run(MessageHub.java:404)
	at org.gradle.internal.concurrent.ExecutorPolicy$CatchAndRecordFailures.onExecute(ExecutorPolicy.java:63)
	at org.gradle.internal.concurrent.StoppableExecutorImpl$1.run(StoppableExecutorImpl.java:46)
	at java.util.concurrent.ThreadPoolExecutor.runWorker(ThreadPoolExecutor.java:1142)
	at java.util.concurrent.ThreadPoolExecutor$Worker.run(ThreadPoolExecutor.java:617)
	at java.lang.Thread.run(Thread.java:745)
10:02:12,076  INFO Test worker job.SimpleStepHandler:146 - Executing step: [step]
10:02:12,076 ERROR Test worker job.AbstractJob:335 - Encountered fatal error executing job
java.lang.UnsupportedOperationException: Cannot process a StepExecution.  Use a smarter subclass of StepSupport.
	at org.springframework.batch.core.step.StepSupport.execute(StepSupport.java:119)
	at org.springframework.batch.core.job.SimpleStepHandler.handleStep(SimpleStepHandler.java:148)
	at org.springframework.batch.core.job.AbstractJob.handleStep(AbstractJob.java:392)
	at org.springframework.batch.core.job.SimpleJob.doExecute(SimpleJob.java:135)
	at org.springframework.batch.core.job.AbstractJob.execute(AbstractJob.java:306)
	at org.springframework.batch.core.job.SimpleJobTests.testAddStep(SimpleJobTests.java:165)
	at sun.reflect.NativeMethodAccessorImpl.invoke0(Native Method)
	at sun.reflect.NativeMethodAccessorImpl.invoke(NativeMethodAccessorImpl.java:62)
	at sun.reflect.DelegatingMethodAccessorImpl.invoke(DelegatingMethodAccessorImpl.java:43)
	at java.lang.reflect.Method.invoke(Method.java:483)
	at org.junit.runners.model.FrameworkMethod$1.runReflectiveCall(FrameworkMethod.java:50)
	at org.junit.internal.runners.model.ReflectiveCallable.run(ReflectiveCallable.java:12)
	at org.junit.runners.model.FrameworkMethod.invokeExplosively(FrameworkMethod.java:47)
	at org.junit.internal.runners.statements.InvokeMethod.evaluate(InvokeMethod.java:17)
	at org.junit.internal.runners.statements.RunBefores.evaluate(RunBefores.java:26)
	at org.junit.runners.ParentRunner.runLeaf(ParentRunner.java:325)
	at org.junit.runners.BlockJUnit4ClassRunner.runChild(BlockJUnit4ClassRunner.java:78)
	at org.junit.runners.BlockJUnit4ClassRunner.runChild(BlockJUnit4ClassRunner.java:57)
	at org.junit.runners.ParentRunner$3.run(ParentRunner.java:290)
	at org.junit.runners.ParentRunner$1.schedule(ParentRunner.java:71)
	at org.junit.runners.ParentRunner.runChildren(ParentRunner.java:288)
	at org.junit.runners.ParentRunner.access$000(ParentRunner.java:58)
	at org.junit.runners.ParentRunner$2.evaluate(ParentRunner.java:268)
	at org.junit.runners.ParentRunner.run(ParentRunner.java:363)
	at org.gradle.api.internal.tasks.testing.junit.JUnitTestClassExecuter.runTestClass(JUnitTestClassExecuter.java:114)
	at org.gradle.api.internal.tasks.testing.junit.JUnitTestClassExecuter.execute(JUnitTestClassExecuter.java:57)
	at org.gradle.api.internal.tasks.testing.junit.JUnitTestClassProcessor.processTestClass(JUnitTestClassProcessor.java:66)
	at org.gradle.api.internal.tasks.testing.SuiteTestClassProcessor.processTestClass(SuiteTestClassProcessor.java:51)
	at sun.reflect.GeneratedMethodAccessor64.invoke(Unknown Source)
	at sun.reflect.DelegatingMethodAccessorImpl.invoke(DelegatingMethodAccessorImpl.java:43)
	at java.lang.reflect.Method.invoke(Method.java:483)
	at org.gradle.internal.dispatch.ReflectionDispatch.dispatch(ReflectionDispatch.java:35)
	at org.gradle.internal.dispatch.ReflectionDispatch.dispatch(ReflectionDispatch.java:24)
	at org.gradle.internal.dispatch.ContextClassLoaderDispatch.dispatch(ContextClassLoaderDispatch.java:32)
	at org.gradle.internal.dispatch.ProxyDispatchAdapter$DispatchingInvocationHandler.invoke(ProxyDispatchAdapter.java:93)
	at com.sun.proxy.$Proxy3.processTestClass(Unknown Source)
	at org.gradle.api.internal.tasks.testing.worker.TestWorker.processTestClass(TestWorker.java:109)
	at sun.reflect.GeneratedMethodAccessor63.invoke(Unknown Source)
	at sun.reflect.DelegatingMethodAccessorImpl.invoke(DelegatingMethodAccessorImpl.java:43)
	at java.lang.reflect.Method.invoke(Method.java:483)
	at org.gradle.internal.dispatch.ReflectionDispatch.dispatch(ReflectionDispatch.java:35)
	at org.gradle.internal.dispatch.ReflectionDispatch.dispatch(ReflectionDispatch.java:24)
	at org.gradle.internal.remote.internal.hub.MessageHubBackedObjectConnection$DispatchWrapper.dispatch(MessageHubBackedObjectConnection.java:147)
	at org.gradle.internal.remote.internal.hub.MessageHubBackedObjectConnection$DispatchWrapper.dispatch(MessageHubBackedObjectConnection.java:129)
	at org.gradle.internal.remote.internal.hub.MessageHub$Handler.run(MessageHub.java:404)
	at org.gradle.internal.concurrent.ExecutorPolicy$CatchAndRecordFailures.onExecute(ExecutorPolicy.java:63)
	at org.gradle.internal.concurrent.StoppableExecutorImpl$1.run(StoppableExecutorImpl.java:46)
	at java.util.concurrent.ThreadPoolExecutor.runWorker(ThreadPoolExecutor.java:1142)
	at java.util.concurrent.ThreadPoolExecutor$Worker.run(ThreadPoolExecutor.java:617)
	at java.lang.Thread.run(Thread.java:745)
10:02:12,082  INFO Test worker job.SimpleStepHandler:217 - Step already complete or not restartable, so no action to execute: StepExecution: id=1, version=0, name=TestStep1, status=COMPLETED, exitStatus=EXECUTING, readCount=0, filterCount=0, writeCount=0 readSkipCount=0, writeSkipCount=0, processSkipCount=0, commitCount=0, rollbackCount=0, exitDescription=
10:02:12,084  INFO Test worker job.SimpleStepHandler:146 - Executing step: [TestStep2]
10:02:12,105  INFO Test worker job.SimpleStepHandler:146 - Executing step: [TestStep1]
10:02:12,106  INFO Test worker job.AbstractJob:326 - Encountered interruption executing job: job interrupted!
10:02:12,111  INFO Test worker job.SimpleStepHandler:146 - Executing step: [TestStep1]
10:02:12,115  INFO Test worker job.SimpleStepHandler:146 - Executing step: [TestStep2]
10:02:12,122  INFO Test worker job.SimpleStepHandler:146 - Executing step: [TestStep1]
10:02:12,124  INFO Test worker job.SimpleStepHandler:146 - Executing step: [TestStep2]
10:02:12,130  INFO Test worker job.SimpleStepHandler:146 - Executing step: [test]
10:02:12,135  INFO Test worker job.SimpleStepHandler:146 - Executing step: [TestStep1]
10:02:12,141  INFO Test worker job.SimpleStepHandler:146 - Executing step: [TestStep1]
10:02:12,144  INFO Test worker job.SimpleStepHandler:146 - Executing step: [TestStep2]
10:02:12,151  INFO Test worker job.SimpleStepHandler:146 - Executing step: [TestStep1]
10:02:12,157  INFO Test worker job.SimpleStepHandler:146 - Executing step: [TestStep2]
10:02:12,163  INFO Test worker job.SimpleStepHandler:146 - Executing step: [interruptStep]
10:02:12,163  INFO Test worker support.SimpleJobRepository:281 - Parent JobExecution is stopped, so passing message on to StepExecution
10:02:12,164  INFO Test worker support.SimpleJobRepository:281 - Parent JobExecution is stopped, so passing message on to StepExecution
10:02:12,165  INFO Test worker job.AbstractJob:326 - Encountered interruption executing job: JobExecution interrupted.
10:02:12,169  INFO Test worker job.SimpleStepHandler:146 - Executing step: [TestStep1]
10:02:12,174  INFO Test worker job.SimpleStepHandler:146 - Executing step: [TestStep1]
10:02:12,179  INFO Test worker job.SimpleStepHandler:146 - Executing step: [TestStep1]
10:02:12,182  INFO Test worker job.SimpleStepHandler:146 - Executing step: [TestStep2]
10:02:12,188  INFO Test worker job.SimpleStepHandler:146 - Executing step: [TestStep1]
10:02:12,192  INFO Test worker job.SimpleStepHandler:146 - Executing step: [TestStep2]
10:02:12,197  INFO Test worker job.SimpleStepHandler:146 - Executing step: [TestStep1]
10:02:12,200  INFO Test worker job.SimpleStepHandler:146 - Executing step: [TestStep2]
10:02:12,206  INFO Test worker job.SimpleStepHandler:146 - Executing step: [TestStep1]
10:02:12,209  INFO Test worker job.SimpleStepHandler:146 - Executing step: [TestStep2]
10:02:12,214  INFO Test worker job.SimpleStepHandler:146 - Executing step: [TestStep1]
10:02:12,215  INFO Test worker job.AbstractJob:326 - Encountered interruption executing job: Interrupt!
10:02:12,222  INFO Test worker job.SimpleStepHandler:146 - Executing step: [TestStep1]
10:02:12,225  INFO Test worker job.SimpleStepHandler:146 - Executing step: [TestStep2]
10:02:12,231  INFO Test worker job.SimpleStepHandler:146 - Executing step: [TestStep1]
10:02:12,236  INFO Test worker job.SimpleStepHandler:146 - Executing step: [TestStep2]
10:02:12,241  INFO Test worker job.SimpleStepHandler:146 - Executing step: [step]
10:02:12,241 ERROR Test worker job.AbstractJob:335 - Encountered fatal error executing job
java.lang.UnsupportedOperationException: Cannot process a StepExecution.  Use a smarter subclass of StepSupport.
	at org.springframework.batch.core.step.StepSupport.execute(StepSupport.java:119)
	at org.springframework.batch.core.job.SimpleStepHandler.handleStep(SimpleStepHandler.java:148)
	at org.springframework.batch.core.job.AbstractJob.handleStep(AbstractJob.java:392)
	at org.springframework.batch.core.job.SimpleJob.doExecute(SimpleJob.java:135)
	at org.springframework.batch.core.job.AbstractJob.execute(AbstractJob.java:306)
	at org.springframework.batch.core.job.SimpleJobTests.testSetSteps(SimpleJobTests.java:145)
	at sun.reflect.NativeMethodAccessorImpl.invoke0(Native Method)
	at sun.reflect.NativeMethodAccessorImpl.invoke(NativeMethodAccessorImpl.java:62)
	at sun.reflect.DelegatingMethodAccessorImpl.invoke(DelegatingMethodAccessorImpl.java:43)
	at java.lang.reflect.Method.invoke(Method.java:483)
	at org.junit.runners.model.FrameworkMethod$1.runReflectiveCall(FrameworkMethod.java:50)
	at org.junit.internal.runners.model.ReflectiveCallable.run(ReflectiveCallable.java:12)
	at org.junit.runners.model.FrameworkMethod.invokeExplosively(FrameworkMethod.java:47)
	at org.junit.internal.runners.statements.InvokeMethod.evaluate(InvokeMethod.java:17)
	at org.junit.internal.runners.statements.RunBefores.evaluate(RunBefores.java:26)
	at org.junit.runners.ParentRunner.runLeaf(ParentRunner.java:325)
	at org.junit.runners.BlockJUnit4ClassRunner.runChild(BlockJUnit4ClassRunner.java:78)
	at org.junit.runners.BlockJUnit4ClassRunner.runChild(BlockJUnit4ClassRunner.java:57)
	at org.junit.runners.ParentRunner$3.run(ParentRunner.java:290)
	at org.junit.runners.ParentRunner$1.schedule(ParentRunner.java:71)
	at org.junit.runners.ParentRunner.runChildren(ParentRunner.java:288)
	at org.junit.runners.ParentRunner.access$000(ParentRunner.java:58)
	at org.junit.runners.ParentRunner$2.evaluate(ParentRunner.java:268)
	at org.junit.runners.ParentRunner.run(ParentRunner.java:363)
	at org.gradle.api.internal.tasks.testing.junit.JUnitTestClassExecuter.runTestClass(JUnitTestClassExecuter.java:114)
	at org.gradle.api.internal.tasks.testing.junit.JUnitTestClassExecuter.execute(JUnitTestClassExecuter.java:57)
	at org.gradle.api.internal.tasks.testing.junit.JUnitTestClassProcessor.processTestClass(JUnitTestClassProcessor.java:66)
	at org.gradle.api.internal.tasks.testing.SuiteTestClassProcessor.processTestClass(SuiteTestClassProcessor.java:51)
	at sun.reflect.GeneratedMethodAccessor64.invoke(Unknown Source)
	at sun.reflect.DelegatingMethodAccessorImpl.invoke(DelegatingMethodAccessorImpl.java:43)
	at java.lang.reflect.Method.invoke(Method.java:483)
	at org.gradle.internal.dispatch.ReflectionDispatch.dispatch(ReflectionDispatch.java:35)
	at org.gradle.internal.dispatch.ReflectionDispatch.dispatch(ReflectionDispatch.java:24)
	at org.gradle.internal.dispatch.ContextClassLoaderDispatch.dispatch(ContextClassLoaderDispatch.java:32)
	at org.gradle.internal.dispatch.ProxyDispatchAdapter$DispatchingInvocationHandler.invoke(ProxyDispatchAdapter.java:93)
	at com.sun.proxy.$Proxy3.processTestClass(Unknown Source)
	at org.gradle.api.internal.tasks.testing.worker.TestWorker.processTestClass(TestWorker.java:109)
	at sun.reflect.GeneratedMethodAccessor63.invoke(Unknown Source)
	at sun.reflect.DelegatingMethodAccessorImpl.invoke(DelegatingMethodAccessorImpl.java:43)
	at java.lang.reflect.Method.invoke(Method.java:483)
	at org.gradle.internal.dispatch.ReflectionDispatch.dispatch(ReflectionDispatch.java:35)
	at org.gradle.internal.dispatch.ReflectionDispatch.dispatch(ReflectionDispatch.java:24)
	at org.gradle.internal.remote.internal.hub.MessageHubBackedObjectConnection$DispatchWrapper.dispatch(MessageHubBackedObjectConnection.java:147)
	at org.gradle.internal.remote.internal.hub.MessageHubBackedObjectConnection$DispatchWrapper.dispatch(MessageHubBackedObjectConnection.java:129)
	at org.gradle.internal.remote.internal.hub.MessageHub$Handler.run(MessageHub.java:404)
	at org.gradle.internal.concurrent.ExecutorPolicy$CatchAndRecordFailures.onExecute(ExecutorPolicy.java:63)
	at org.gradle.internal.concurrent.StoppableExecutorImpl$1.run(StoppableExecutorImpl.java:46)
	at java.util.concurrent.ThreadPoolExecutor.runWorker(ThreadPoolExecutor.java:1142)
	at java.util.concurrent.ThreadPoolExecutor$Worker.run(ThreadPoolExecutor.java:617)
	at java.lang.Thread.run(Thread.java:745)
</pre>
</span>
</div>
</div>
<div id="footer">
<p>
<div>
<label class="hidden" id="label-for-line-wrapping-toggle" for="line-wrapping-toggle">Wrap lines
<input id="line-wrapping-toggle" type="checkbox" autocomplete="off"/>
</label>
</div>Generated by 
<a href="https://www.gradle.org">Gradle 3.4</a> at Mar 23, 2017 10:02:49 AM</p>
</div>
</div>
</body>
</html>
